-------------------------------------------------------------------------------
Test set: test.java.com.FoodTracker.FoodTrackerAppTest
-------------------------------------------------------------------------------
Tests run: 3, Failures: 1, Errors: 0, Skipped: 0, Time elapsed: 0.059 sec <<< FAILURE! - in test.java.com.FoodTracker.FoodTrackerAppTest
findItTest(test.java.com.FoodTracker.FoodTrackerAppTest)  Time elapsed: 0.015 sec  <<< FAILURE!
java.lang.AssertionError: null
	at org.junit.Assert.fail(Assert.java:86)
	at org.junit.Assert.assertTrue(Assert.java:41)
	at org.junit.Assert.assertTrue(Assert.java:52)
	at test.java.com.FoodTracker.FoodTrackerAppTest.findItTest(FoodTrackerAppTest.java:61)

